Searching: [58] Ледогенератор Gorenje IMDW1500B, 2 размера кубчета, Съд за вода 2,2 л, Дневно количество лед 15 кг, Бързо приготвяне, 120 W, Черен
Searching: [58] Ледогенератор Gorenje IMDW1500B, 2 размера кубчета, Съд за вода 2,2 л, Дневно количество лед 15 кг, Бързо приготвяне, 120 W, Черен
Done in 44.58s — product ID 58
Searching: [59] Фурна за вграждане Gorenje BPS6737E04DBG
Done in 38.99s — product ID 58
Searching: [59] Фурна за вграждане Gorenje BPS6737E04DBG
Done in 47.87s — product ID 59
Done in 47.3s — product ID 59
Searching: [60] Уред за сушене на плодове и зеленчуци Gorenje FDK600B
Searching: [60] Уред за сушене на плодове и зеленчуци Gorenje FDK600B
Done in 86.3s — product ID 60
Done in 86.31s — product ID 60
Searching: [61] Стъклокерамичен плот за вграждане Gorenje ECT643BCSC
Searching: [61] Стъклокерамичен плот за вграждане Gorenje ECT643BCSC
Done in 76.19s — product ID 61
Done in 76.21s — product ID 61
Searching: [62] Фризер Liebherr FNe 4605 Pure
Searching: [62] Фризер Liebherr FNe 4605 Pure
Done in 98.01s — product ID 62
Done in 98.23s — product ID 62
Searching: [63] Хладилник за вграждане Liebherr IRBci 5151 Prime
Done in 93.5s — product ID 63
Searching: [64] Хладилник Liebherr Re 1201 Pure
Done in 50.71s — product ID 64
Searching: [65] Хладилник с горна камера Liebherr CTPele 231-26
Done in 78.77s — product ID 65
Searching: [66] Хладилник Liebherr Rd 4600 Pure
Done in 102.04s — product ID 66
Searching: [67] Хладилник с фризер Liebherr CBNsda 5223 Plus BioFresh NoFrost
Done in 128.9s — product ID 67
Searching: [68] Хладилна витрина Liebherr FKDv 4503
Done in 116.64s — product ID 68
Searching: [69] Хладилник с фризер Liebherr XRFsf 5220 Plus NoFrost
Done in 103.07s — product ID 69
Searching: [70] Кафемашина DeLonghi EC201.CD, 1100 W,15 бара, 1 л, Автоматично изключване, Черен
Done in 51.91s — product ID 70
Searching: [71] Кафе автомат DeLonghi Magnifica Evo ECAM 290.61.B, 1450W, 6 вида напитки, 15 бара, Кана за мляко, С-ма LatteCrema, Мелачка с 13 настр, Черeн
Done in 952.49s — product ID 71
Searching: [72] Кафемашина DeLonghi EC 221.B, 15 bar, 1100 W
Done in 53.89s — product ID 72
Searching: [73] Фурна за вграждане Gorenje BOS67372CLI
Done in 55.16s — product ID 73
Searching: [74] Аспиратор Gorenje WHC63CLI
Done in 67.66s — product ID 74
Searching: [75] Фритюрник с горещ въздух Tefal Dual Easy Fry Flex EY9228E0, 2700W, 9L, 7 автоматични програми, едновременно готвене в 2 зони с разделител FlexCook, 40-200°C, Черен/Инокс
Done in 83.18s — product ID 75
Searching: [76] Фритюрник с горещ въздух Tefal Easy Fry Silence EY5728E1, 1670W, Капацитет 5 л, 11 програми, Регулируема температура 40-220°C, Smart Assist, Автоматично изключване, Черен
Done in 78.01s — product ID 76
Searching: [77] Съдомиялна за вграждане Bosch SMV6YCX06E, 14 комплекта, 60 см, Инокс
Done in 66.67s — product ID 77
Searching: [78] Аспиратор за вграждане Bosch DBB63BC60, 60 см, Енергиен клас D, 90 W, 3 скорости + 1 интензивна, Черен
Done in 67.22s — product ID 78
Searching: [79] Пералня Bosch WGB266A4BY, AquaStop, 11 kg, 1600 rpm, Eнергиен клас А, Бял
Done in 285.5s — product ID 79
Searching: [80] Индукционен плот за вграждане Bosch PXY875DC1E, 4 зони за готвене, 80 см, Сензорно управление, Черен
Done in 68.49s — product ID 80
Searching: [81] Сокоизстисквачка Philips Viva Collection HR1832/00, 500W, Технология Quick Clean, 1.5L, Аксесоар против капене, Черен
Done in 43.02s — product ID 81
Product #82 not found or inactive.
Product #83 not found or inactive.
Product #84 not found or inactive.
Product #85 not found or inactive.
Product #86 not found or inactive.
Product #87 not found or inactive.
Product #88 not found or inactive.
Product #89 not found or inactive.
Product #90 not found or inactive.
Product #91 not found or inactive.
Product #92 not found or inactive.
Product #93 not found or inactive.
Product #94 not found or inactive.
Product #95 not found or inactive.
Product #96 not found or inactive.
Product #97 not found or inactive.
Product #98 not found or inactive.
Product #99 not found or inactive.
Product #100 not found or inactive.
Product #101 not found or inactive.
Product #102 not found or inactive.
Product #103 not found or inactive.
Product #104 not found or inactive.
Product #105 not found or inactive.
Product #106 not found or inactive.
Product #107 not found or inactive.
Product #108 not found or inactive.
Product #109 not found or inactive.
Product #110 not found or inactive.
Product #111 not found or inactive.
Product #112 not found or inactive.
Product #113 not found or inactive.
Product #114 not found or inactive.
Product #115 not found or inactive.
Product #116 not found or inactive.
Product #117 not found or inactive.
Product #118 not found or inactive.
Product #119 not found or inactive.
Product #120 not found or inactive.
Product #121 not found or inactive.
Product #122 not found or inactive.
Product #123 not found or inactive.
Product #124 not found or inactive.
Product #125 not found or inactive.
Product #126 not found or inactive.
Product #127 not found or inactive.
Product #128 not found or inactive.
Product #129 not found or inactive.
Product #130 not found or inactive.
Product #131 not found or inactive.
Product #132 not found or inactive.
Product #133 not found or inactive.
Product #134 not found or inactive.
Product #135 not found or inactive.
Product #136 not found or inactive.
Product #137 not found or inactive.
Product #138 not found or inactive.
Product #139 not found or inactive.
Product #140 not found or inactive.
Product #141 not found or inactive.
Product #142 not found or inactive.
Product #143 not found or inactive.
Product #144 not found or inactive.
Product #145 not found or inactive.
Product #146 not found or inactive.
Product #147 not found or inactive.
Product #148 not found or inactive.
Product #149 not found or inactive.
Product #150 not found or inactive.
Product #151 not found or inactive.
Product #152 not found or inactive.
Product #153 not found or inactive.
Product #154 not found or inactive.
Product #155 not found or inactive.
Product #156 not found or inactive.
Product #157 not found or inactive.
Product #158 not found or inactive.
Product #159 not found or inactive.
Product #160 not found or inactive.
Product #161 not found or inactive.
Product #162 not found or inactive.
Product #163 not found or inactive.
Product #164 not found or inactive.
Product #165 not found or inactive.
Product #166 not found or inactive.
Product #167 not found or inactive.
Product #168 not found or inactive.
Product #169 not found or inactive.
Product #170 not found or inactive.
Product #171 not found or inactive.
Product #172 not found or inactive.
Product #173 not found or inactive.
Product #174 not found or inactive.
Product #175 not found or inactive.
Product #176 not found or inactive.
Product #177 not found or inactive.
Product #178 not found or inactive.
Product #179 not found or inactive.
Product #180 not found or inactive.
Product #181 not found or inactive.
Product #182 not found or inactive.
Product #183 not found or inactive.
Product #184 not found or inactive.
Product #185 not found or inactive.
Product #186 not found or inactive.
Product #187 not found or inactive.
Product #188 not found or inactive.
Product #189 not found or inactive.
Product #190 not found or inactive.
Product #191 not found or inactive.
Product #192 not found or inactive.
Product #193 not found or inactive.
Product #194 not found or inactive.
Product #195 not found or inactive.
Product #196 not found or inactive.
Product #197 not found or inactive.
Product #198 not found or inactive.
Product #199 not found or inactive.
Product #200 not found or inactive.
Product #201 not found or inactive.
Product #202 not found or inactive.
Product #203 not found or inactive.
Product #204 not found or inactive.
Product #205 not found or inactive.
Product #206 not found or inactive.
Product #207 not found or inactive.
Product #208 not found or inactive.
Product #209 not found or inactive.
Product #210 not found or inactive.
Product #211 not found or inactive.
Product #212 not found or inactive.
Product #213 not found or inactive.
Product #214 not found or inactive.
Product #215 not found or inactive.
Product #216 not found or inactive.
Product #217 not found or inactive.
Product #218 not found or inactive.
Product #219 not found or inactive.
Product #220 not found or inactive.
Product #221 not found or inactive.
Product #222 not found or inactive.
Product #223 not found or inactive.
Product #224 not found or inactive.
Product #225 not found or inactive.
Product #226 not found or inactive.
Product #227 not found or inactive.
Product #228 not found or inactive.
Product #229 not found or inactive.
Product #230 not found or inactive.
Product #231 not found or inactive.
Product #232 not found or inactive.
Product #233 not found or inactive.
Product #234 not found or inactive.
Product #235 not found or inactive.
Product #236 not found or inactive.
Product #237 not found or inactive.
Product #238 not found or inactive.
Product #239 not found or inactive.
Product #240 not found or inactive.
Product #241 not found or inactive.
Product #242 not found or inactive.
Product #243 not found or inactive.
Product #244 not found or inactive.
Product #245 not found or inactive.
Product #246 not found or inactive.
Product #247 not found or inactive.
Product #248 not found or inactive.
Product #249 not found or inactive.
Product #250 not found or inactive.
Product #251 not found or inactive.
Product #252 not found or inactive.
Product #253 not found or inactive.
Product #254 not found or inactive.
Product #255 not found or inactive.
Product #256 not found or inactive.
Product #257 not found or inactive.
Product #258 not found or inactive.
Product #259 not found or inactive.
Product #260 not found or inactive.
Product #261 not found or inactive.
Product #262 not found or inactive.
Product #263 not found or inactive.
Product #264 not found or inactive.
Product #265 not found or inactive.
Product #266 not found or inactive.
Product #267 not found or inactive.
Product #268 not found or inactive.
Product #269 not found or inactive.
Product #270 not found or inactive.
Product #271 not found or inactive.
Product #272 not found or inactive.
Product #273 not found or inactive.
Product #274 not found or inactive.
